client sent:
GET /web-tutorial/site/motto.txt HTTP/1.1
Host: gvwilson.github.io


client received 680 bytes:
HTTP/1.1 200 OK
Connection: keep-alive
Content-Length: 58
Server: GitHub.com
Content-Type: text/plain; charset=utf-8
permissions-policy: interest-cohort=()
Last-Modified: Fri, 16 Feb 2024 00:06:53 GMT
Access-Control-Allow-Origin: *
ETag: "65cea71d-3a"
expires: Fri, 16 Feb 2024 01:39:37 GMT
Cache-Control: max-age=600
x-proxy-cache: MISS
X-GitHub-Request-Id: 5D68:10DA:805B2B:AA2A07:65CEBA81
Accept-Ranges: bytes
Date: Fri, 16 Feb 2024 01:59:46 GMT
Via: 1.1 varnish
Age: 537
X-Served-By: cache-yyz4524-YYZ
X-Cache: HIT
X-Cache-Hits: 1
X-Timer: S1708048787.793176,VS0,VE2
Vary: Accept-Encoding
X-Fastly-Request-ID: 94cb9cf46a0b3988f5748041fc79e01adb5db67c


client received 58 bytes:
Start where you are, use what you have, help who you can.

